This is pdfTeX, Version 3.14159265-2.6-1.40.15 (TeX Live 2015/dev/Debian) (preloaded format=latex 2015.9.26)  26 SEP 2015 19:28
entering extended mode
 restricted \write18 enabled.
 %&-line parsing enabled.
**glosstex.ins
(./glosstex.ins
LaTeX2e <2014/05/01>
Babel <3.9l> and hyphenation patterns for 5 languages loaded.
(/usr/share/texlive/texmf-dist/tex/latex/base/docstrip.tex
\blockLevel=\count79
\emptyLines=\count80
\processedLines=\count81
\commentsRemoved=\count82
\commentsPassed=\count83
\codeLinesPassed=\count84
\TotalprocessedLines=\count85
\TotalcommentsRemoved=\count86
\TotalcommentsPassed=\count87
\TotalcodeLinesPassed=\count88
\NumberOfFiles=\count89
\inFile=\read1
\inputcheck=\read2
\off@0=\count90
\off@1=\count91
\off@2=\count92
\off@3=\count93
\off@4=\count94
\off@5=\count95
\off@6=\count96
\off@7=\count97
\off@8=\count98
\off@9=\count99
\off@10=\count100
\off@11=\count101
\off@12=\count102
\off@13=\count103
\off@14=\count104
\off@15=\count105
\@maxfiles=\count106
\@maxoutfiles=\count107

Utility: `docstrip' 2.5e <2014/09/29>
English documentation    <2014/09/29>

**********************************************************
* This program converts documented macro-files into fast *
* loadable files by stripping off (nearly) all comments! *
**********************************************************

********************************************************
* No Configuration file found, using default settings. *
********************************************************

(./glosstex.ins

Generating file(s) ./glosstex.sty ./glosstex.std ./glosstex.ist ./glosstex.gdf 
./glosstex.cfg 
\openout0 = `./glosstex.sty'.

\openout1 = `./glosstex.std'.

\openout2 = `./glosstex.ist'.

\openout3 = `./glosstex.gdf'.

\openout4 = `./glosstex.cfg'.


Processing file glosstex.dtx (package) -> glosstex.sty
                             (std) -> glosstex.std
                             (ist) -> glosstex.ist
                             (gdf) -> glosstex.gdf
                             (cfg) -> glosstex.cfg
File glosstex.dtx ended by \endinput.
Lines  processed: 1768
Comments removed: 1092
Comments  passed: 16
Codelines passed: 646

**********************************************************************
*
* You will find the documentation in glosstex.dvi. You may remake it
* by running latex on glosstex.dtx or invoking `make doc'
*
* To finish the installation you have to move the following
* files (according to TDS):
*
* glosstex.sty to texmf/tex/latex/glosstex
* glosstex.std to texmf/tex/latex/glosstex
* glosstex.ist to texmf/makeindex
*
* and your own .gdf-files to texmf/glosstex.
*
* The files `glosstex.gdf' and `glosstex.cfg` are meant just for
* this document, so you won't want to install them, normally.
*
* Happy TeXing!
**********************************************************************
) ) ) 
Here is how much of TeX's memory you used:
 347 strings out of 494959
 3604 string characters out of 6179412
 55120 words of memory out of 5000000
 3659 multiletter control sequences out of 15000+600000
 3640 words of font info for 14 fonts, out of 8000000 for 9000
 40 hyphenation exceptions out of 8191
 15i,0n,15p,225b,160s stack positions out of 5000i,500n,10000p,200000b,80000s

No pages of output.
